$ bun src/main.ts
Bot started
42 |             break;
43 |         case 409:
44 |             debug("Error 409 means that you are running your bot several times on long polling. Consider revoking the bot token if you believe that no other instance is running.");
45 |             break;
46 |     }
47 |     return new GrammyError(`Call to '${method}' failed!`, err, method, payload);
                ^
GrammyError: Call to 'getUpdates' failed! (409: Conflict: terminated by other getUpdates request; make sure that only one bot instance is running)
     method: "getUpdates",
    payload: {
  offset: 40034749,
  limit: undefined,
  timeout: 30,
  allowed_updates: undefined,
},
         ok: false,
 error_code: 409,
 description: "Conflict: terminated by other getUpdates request; make sure that only one bot instance is running",
 parameters: {},

      at toGrammyError (/home/dario/medical-records-2/node_modules/grammy/out/core/error.js:47:12)
      at callApi (/home/dario/medical-records-2/node_modules/grammy/out/core/client.js:90:34)
      at async fetchUpdates (/home/dario/medical-records-2/node_modules/grammy/out/bot.js:400:42)
      at async loop (/home/dario/medical-records-2/node_modules/grammy/out/bot.js:375:40)
      at async start (/home/dario/medical-records-2/node_modules/grammy/out/bot.js:314:20)
      at async start (/home/dario/medical-records-2/src/bot.ts:187:20)

Bun v1.3.13 (Linux x64 baseline)
error: script "start" exited with code 1
